[5.816s] DEBUG:colcon:Command line arguments: ['/usr/bin/colcon', 'build', '--packages-select', 'px4_msgs']
[5.816s] DEBUG:colcon:Parsed command line arguments: Namespace(log_base=None, log_level=None, verb_name='build', build_base='build', install_base='install', merge_install=False, symlink_install=False, test_result_base=None, continue_on_error=False, executor='parallel', parallel_workers=4, event_handlers=None, ignore_user_meta=False, metas=['./colcon.meta'], base_paths=['.'], packages_ignore=None, packages_ignore_regex=None, paths=None, packages_up_to=None, packages_up_to_regex=None, packages_above=None, packages_above_and_dependencies=None, packages_above_depth=None, packages_select_by_dep=None, packages_skip_by_dep=None, packages_skip_up_to=None, packages_select_build_failed=False, packages_skip_build_finished=False, packages_select_test_failures=False, packages_skip_test_passed=False, packages_select=['px4_msgs'], packages_skip=None, packages_select_regex=None, packages_skip_regex=None, packages_start=None, packages_end=None, allow_overriding=[], cmake_args=None, cmake_target=None, cmake_target_skip_unavailable=False, cmake_clean_cache=False, cmake_clean_first=False, cmake_force_configure=False, ament_cmake_args=None, catkin_cmake_args=None, catkin_skip_building_tests=False, mixin_files=None, mixin=None, verb_parser=<colcon_mixin.mixin.mixin_argument.MixinArgumentDecorator object at 0xffff83ed6c80>, verb_extension=<colcon_core.verb.build.BuildVerb object at 0xffff83ed67d0>, main=<bound method BuildVerb.main of <colcon_core.verb.build.BuildVerb object at 0xffff83ed67d0>>, mixin_verb=('build',))
[7.861s] Level 1:colcon.colcon_core.package_discovery:discover_packages(colcon_meta) check parameters
[7.862s] Level 1:colcon.colcon_core.package_discovery:discover_packages(recursive) check parameters
[7.862s] Level 1:colcon.colcon_core.package_discovery:discover_packages(ignore) check parameters
[7.863s] Level 1:colcon.colcon_core.package_discovery:discover_packages(path) check parameters
[7.863s] Level 1:colcon.colcon_core.package_discovery:discover_packages(colcon_meta) discover
[7.864s] Level 1:colcon.colcon_core.package_discovery:discover_packages(recursive) discover
[7.864s] INFO:colcon.colcon_core.package_discovery:Crawling recursively for packages in '/home/ubuntu/drone_ros2_ws/src'
[7.865s] Level 1:colcon.colcon_core.package_identification:_identify(.) by extensions ['ignore', 'ignore_ament_install']
[7.866s] Level 1:colcon.colcon_core.package_identification:_identify(.) by extension 'ignore'
[7.866s] Level 1:colcon.colcon_core.package_identification:_identify(.) by extension 'ignore_ament_install'
[7.867s] Level 1:colcon.colcon_core.package_identification:_identify(.) by extensions ['colcon_pkg']
[7.867s] Level 1:colcon.colcon_core.package_identification:_identify(.) by extension 'colcon_pkg'
[7.870s] Level 1:colcon.colcon_core.package_identification:_identify(.) by extensions ['colcon_meta']
[7.870s] Level 1:colcon.colcon_core.package_identification:_identify(.) by extension 'colcon_meta'
[7.871s] Level 1:colcon.colcon_core.package_identification:_identify(.) by extensions ['ros']
[7.871s] Level 1:colcon.colcon_core.package_identification:_identify(.) by extension 'ros'
[7.918s] Level 1:colcon.colcon_core.package_identification:_identify(.) by extensions ['cmake', 'python']
[7.919s] Level 1:colcon.colcon_core.package_identification:_identify(.) by extension 'cmake'
[7.919s] Level 1:colcon.colcon_core.package_identification:_identify(.) by extension 'python'
[7.920s] Level 1:colcon.colcon_core.package_identification:_identify(.) by extensions ['python_setup_py']
[7.920s] Level 1:colcon.colcon_core.package_identification:_identify(.) by extension 'python_setup_py'
[7.921s] Level 1:colcon.colcon_core.package_identification:_identify(aruco_detection) by extensions ['ignore', 'ignore_ament_install']
[7.923s] Level 1:colcon.colcon_core.package_identification:_identify(aruco_detection) by extension 'ignore'
[7.924s] Level 1:colcon.colcon_core.package_identification:_identify(aruco_detection) by extension 'ignore_ament_install'
[7.925s] Level 1:colcon.colcon_core.package_identification:_identify(aruco_detection) by extensions ['colcon_pkg']
[7.926s] Level 1:colcon.colcon_core.package_identification:_identify(aruco_detection) by extension 'colcon_pkg'
[7.926s] Level 1:colcon.colcon_core.package_identification:_identify(aruco_detection) by extensions ['colcon_meta']
[7.926s] Level 1:colcon.colcon_core.package_identification:_identify(aruco_detection) by extension 'colcon_meta'
[7.929s] Level 1:colcon.colcon_core.package_identification:_identify(aruco_detection) by extensions ['ros']
[7.930s] Level 1:colcon.colcon_core.package_identification:_identify(aruco_detection) by extension 'ros'
[7.991s] DEBUG:colcon.colcon_core.package_identification:Package 'aruco_detection' with type 'ros.ament_python' and name 'aruco_detection'
[7.992s] Level 1:colcon.colcon_core.package_identification:_identify(build) by extensions ['ignore', 'ignore_ament_install']
[7.993s] Level 1:colcon.colcon_core.package_identification:_identify(build) by extension 'ignore'
[7.993s] Level 1:colcon.colcon_core.package_identification:_identify(build) ignored
[7.994s] Level 1:colcon.colcon_core.package_identification:_identify(charging_station) by extensions ['ignore', 'ignore_ament_install']
[7.995s] Level 1:colcon.colcon_core.package_identification:_identify(charging_station) by extension 'ignore'
[7.996s] Level 1:colcon.colcon_core.package_identification:_identify(charging_station) by extension 'ignore_ament_install'
[7.997s] Level 1:colcon.colcon_core.package_identification:_identify(charging_station) by extensions ['colcon_pkg']
[7.997s] Level 1:colcon.colcon_core.package_identification:_identify(charging_station) by extension 'colcon_pkg'
[7.998s] Level 1:colcon.colcon_core.package_identification:_identify(charging_station) by extensions ['colcon_meta']
[7.998s] Level 1:colcon.colcon_core.package_identification:_identify(charging_station) by extension 'colcon_meta'
[7.999s] Level 1:colcon.colcon_core.package_identification:_identify(charging_station) by extensions ['ros']
[7.999s] Level 1:colcon.colcon_core.package_identification:_identify(charging_station) by extension 'ros'
[8.014s] DEBUG:colcon.colcon_core.package_identification:Package 'charging_station' with type 'ros.ament_python' and name 'charging_station'
[8.016s] Level 1:colcon.colcon_core.package_identification:_identify(drone_control) by extensions ['ignore', 'ignore_ament_install']
[8.016s] Level 1:colcon.colcon_core.package_identification:_identify(drone_control) by extension 'ignore'
[8.017s] Level 1:colcon.colcon_core.package_identification:_identify(drone_control) by extension 'ignore_ament_install'
[8.017s] Level 1:colcon.colcon_core.package_identification:_identify(drone_control) by extensions ['colcon_pkg']
[8.018s] Level 1:colcon.colcon_core.package_identification:_identify(drone_control) by extension 'colcon_pkg'
[8.018s] Level 1:colcon.colcon_core.package_identification:_identify(drone_control) by extensions ['colcon_meta']
[8.019s] Level 1:colcon.colcon_core.package_identification:_identify(drone_control) by extension 'colcon_meta'
[8.019s] Level 1:colcon.colcon_core.package_identification:_identify(drone_control) by extensions ['ros']
[8.020s] Level 1:colcon.colcon_core.package_identification:_identify(drone_control) by extension 'ros'
[8.041s] DEBUG:colcon.colcon_core.package_identification:Package 'drone_control' with type 'ros.ament_python' and name 'drone_control'
[8.042s] Level 1:colcon.colcon_core.package_identification:_identify(install) by extensions ['ignore', 'ignore_ament_install']
[8.043s] Level 1:colcon.colcon_core.package_identification:_identify(install) by extension 'ignore'
[8.043s] Level 1:colcon.colcon_core.package_identification:_identify(install) ignored
[8.044s] Level 1:colcon.colcon_core.package_identification:_identify(log) by extensions ['ignore', 'ignore_ament_install']
[8.045s] Level 1:colcon.colcon_core.package_identification:_identify(log) by extension 'ignore'
[8.046s] Level 1:colcon.colcon_core.package_identification:_identify(log) ignored
[8.047s] Level 1:colcon.colcon_core.package_identification:_identify(px4_msgs) by extensions ['ignore', 'ignore_ament_install']
[8.047s] Level 1:colcon.colcon_core.package_identification:_identify(px4_msgs) by extension 'ignore'
[8.048s] Level 1:colcon.colcon_core.package_identification:_identify(px4_msgs) by extension 'ignore_ament_install'
[8.049s] Level 1:colcon.colcon_core.package_identification:_identify(px4_msgs) by extensions ['colcon_pkg']
[8.049s] Level 1:colcon.colcon_core.package_identification:_identify(px4_msgs) by extension 'colcon_pkg'
[8.049s] Level 1:colcon.colcon_core.package_identification:_identify(px4_msgs) by extensions ['colcon_meta']
[8.050s] Level 1:colcon.colcon_core.package_identification:_identify(px4_msgs) by extension 'colcon_meta'
[8.050s] Level 1:colcon.colcon_core.package_identification:_identify(px4_msgs) by extensions ['ros']
[8.050s] Level 1:colcon.colcon_core.package_identification:_identify(px4_msgs) by extension 'ros'
[8.059s] DEBUG:colcon.colcon_core.package_identification:Package 'px4_msgs' with type 'ros.ament_cmake' and name 'px4_msgs'
[8.060s] Level 1:colcon.colcon_core.package_identification:_identify(px4_ros_com) by extensions ['ignore', 'ignore_ament_install']
[8.061s] Level 1:colcon.colcon_core.package_identification:_identify(px4_ros_com) by extension 'ignore'
[8.062s] Level 1:colcon.colcon_core.package_identification:_identify(px4_ros_com) by extension 'ignore_ament_install'
[8.062s] Level 1:colcon.colcon_core.package_identification:_identify(px4_ros_com) by extensions ['colcon_pkg']
[8.063s] Level 1:colcon.colcon_core.package_identification:_identify(px4_ros_com) by extension 'colcon_pkg'
[8.063s] Level 1:colcon.colcon_core.package_identification:_identify(px4_ros_com) by extensions ['colcon_meta']
[8.064s] Level 1:colcon.colcon_core.package_identification:_identify(px4_ros_com) by extension 'colcon_meta'
[8.064s] Level 1:colcon.colcon_core.package_identification:_identify(px4_ros_com) by extensions ['ros']
[8.064s] Level 1:colcon.colcon_core.package_identification:_identify(px4_ros_com) by extension 'ros'
[8.082s] DEBUG:colcon.colcon_core.package_identification:Package 'px4_ros_com' with type 'ros.ament_cmake' and name 'px4_ros_com'
[8.083s] Level 1:colcon.colcon_core.package_discovery:discover_packages(recursive) using defaults
[8.083s] Level 1:colcon.colcon_core.package_discovery:discover_packages(ignore) discover
[8.084s] Level 1:colcon.colcon_core.package_discovery:discover_packages(ignore) using defaults
[8.084s] Level 1:colcon.colcon_core.package_discovery:discover_packages(path) discover
[8.084s] Level 1:colcon.colcon_core.package_discovery:discover_packages(path) using defaults
[8.511s] INFO:colcon.colcon_core.package_selection:Skipping not selected package 'aruco_detection' in 'aruco_detection'
[8.512s] INFO:colcon.colcon_core.package_selection:Skipping not selected package 'charging_station' in 'charging_station'
[8.513s] INFO:colcon.colcon_core.package_selection:Skipping not selected package 'drone_control' in 'drone_control'
[8.513s] INFO:colcon.colcon_core.package_selection:Skipping not selected package 'px4_ros_com' in 'px4_ros_com'
[8.526s] Level 1:colcon.colcon_core.package_discovery:discover_packages(prefix_path) check parameters
[8.526s] Level 1:colcon.colcon_core.package_discovery:discover_packages(prefix_path) discover
[8.626s] DEBUG:colcon.colcon_installed_package_information.package_discovery:Found 3 installed packages in /home/ubuntu/drone_ros2_ws/install
[8.641s] DEBUG:colcon.colcon_installed_package_information.package_discovery:Found 275 installed packages in /opt/ros/humble
[8.652s] Level 1:colcon.colcon_core.package_discovery:discover_packages(prefix_path) using defaults
[9.111s] Level 5:colcon.colcon_core.verb:set package 'px4_msgs' build argument 'cmake_args' from command line to 'None'
[9.111s] Level 5:colcon.colcon_core.verb:set package 'px4_msgs' build argument 'cmake_target' from command line to 'None'
[9.111s] Level 5:colcon.colcon_core.verb:set package 'px4_msgs' build argument 'cmake_target_skip_unavailable' from command line to 'False'
[9.112s] Level 5:colcon.colcon_core.verb:set package 'px4_msgs' build argument 'cmake_clean_cache' from command line to 'False'
[9.112s] Level 5:colcon.colcon_core.verb:set package 'px4_msgs' build argument 'cmake_clean_first' from command line to 'False'
[9.112s] Level 5:colcon.colcon_core.verb:set package 'px4_msgs' build argument 'cmake_force_configure' from command line to 'False'
[9.113s] Level 5:colcon.colcon_core.verb:set package 'px4_msgs' build argument 'ament_cmake_args' from command line to 'None'
[9.113s] Level 5:colcon.colcon_core.verb:set package 'px4_msgs' build argument 'catkin_cmake_args' from command line to 'None'
[9.113s] Level 5:colcon.colcon_core.verb:set package 'px4_msgs' build argument 'catkin_skip_building_tests' from command line to 'False'
[9.114s] DEBUG:colcon.colcon_core.verb:Building package 'px4_msgs' with the following arguments: {'ament_cmake_args': None, 'build_base': '/home/ubuntu/drone_ros2_ws/src/build/px4_msgs', 'catkin_cmake_args': None, 'catkin_skip_building_tests': False, 'cmake_args': None, 'cmake_clean_cache': False, 'cmake_clean_first': False, 'cmake_force_configure': False, 'cmake_target': None, 'cmake_target_skip_unavailable': False, 'install_base': '/home/ubuntu/drone_ros2_ws/src/install/px4_msgs', 'merge_install': False, 'path': '/home/ubuntu/drone_ros2_ws/src/px4_msgs', 'symlink_install': False, 'test_result_base': None}
[9.115s] INFO:colcon.colcon_core.executor:Executing jobs using 'parallel' executor
[9.121s] DEBUG:colcon.colcon_parallel_executor.executor.parallel:run_until_complete
[9.123s] INFO:colcon.colcon_ros.task.ament_cmake.build:Building ROS package in '/home/ubuntu/drone_ros2_ws/src/px4_msgs' with build type 'ament_cmake'
[9.124s] INFO:colcon.colcon_cmake.task.cmake.build:Building CMake package in '/home/ubuntu/drone_ros2_ws/src/px4_msgs'
[9.533s] INFO:colcon.colcon_core.plugin_system:Skipping extension 'colcon_core.shell.bat': Not used on non-Windows systems
[9.534s] INFO:colcon.colcon_core.shell:Skip shell extension 'powershell' for command environment: Not usable outside of PowerShell
[9.535s] DEBUG:colcon.colcon_core.shell:Skip shell extension 'dsv' for command environment
[9.645s] DEBUG:colcon.colcon_core.event_handler.log_command:Invoking command in '/home/ubuntu/drone_ros2_ws/src/build/px4_msgs': CMAKE_PREFIX_PATH=/home/ubuntu/drone_ros2_ws/install/drone_control:/home/ubuntu/drone_ros2_ws/install/charging_station:/home/ubuntu/drone_ros2_ws/install/aruco_detection:/opt/ros/humble /usr/bin/cmake /home/ubuntu/drone_ros2_ws/src/px4_msgs -DCMAKE_INSTALL_PREFIX=/home/ubuntu/drone_ros2_ws/src/install/px4_msgs
[52.847s] DEBUG:colcon.colcon_core.event_handler.log_command:Invoked command in '/home/ubuntu/drone_ros2_ws/src/build/px4_msgs' returned '0': CMAKE_PREFIX_PATH=/home/ubuntu/drone_ros2_ws/install/drone_control:/home/ubuntu/drone_ros2_ws/install/charging_station:/home/ubuntu/drone_ros2_ws/install/aruco_detection:/opt/ros/humble /usr/bin/cmake /home/ubuntu/drone_ros2_ws/src/px4_msgs -DCMAKE_INSTALL_PREFIX=/home/ubuntu/drone_ros2_ws/src/install/px4_msgs
[52.858s] DEBUG:colcon.colcon_core.event_handler.log_command:Invoking command in '/home/ubuntu/drone_ros2_ws/src/build/px4_msgs': CMAKE_PREFIX_PATH=/home/ubuntu/drone_ros2_ws/install/drone_control:/home/ubuntu/drone_ros2_ws/install/charging_station:/home/ubuntu/drone_ros2_ws/install/aruco_detection:/opt/ros/humble /usr/bin/cmake --build /home/ubuntu/drone_ros2_ws/src/build/px4_msgs -- -j4 -l4
[1014.061s] DEBUG:colcon.colcon_core.event_handler.log_command:Invoked command in '/home/ubuntu/drone_ros2_ws/src/build/px4_msgs' returned '2': CMAKE_PREFIX_PATH=/home/ubuntu/drone_ros2_ws/install/drone_control:/home/ubuntu/drone_ros2_ws/install/charging_station:/home/ubuntu/drone_ros2_ws/install/aruco_detection:/opt/ros/humble /usr/bin/cmake --build /home/ubuntu/drone_ros2_ws/src/build/px4_msgs -- -j4 -l4
[1048.753s] Level 1:colcon.colcon_core.environment:create_environment_scripts_only(px4_msgs)
[1048.786s] Level 1:colcon.colcon_core.environment:checking '/home/ubuntu/drone_ros2_ws/src/install/px4_msgs' for CMake module files
[1048.789s] Level 1:colcon.colcon_core.environment:checking '/home/ubuntu/drone_ros2_ws/src/install/px4_msgs' for CMake config files
[1048.793s] Level 1:colcon.colcon_core.environment:checking '/home/ubuntu/drone_ros2_ws/src/install/px4_msgs/bin'
[1048.794s] Level 1:colcon.colcon_core.environment:checking '/home/ubuntu/drone_ros2_ws/src/install/px4_msgs/lib/pkgconfig/px4_msgs.pc'
[1048.797s] Level 1:colcon.colcon_core.environment:checking '/home/ubuntu/drone_ros2_ws/src/install/px4_msgs/lib/python3.10/site-packages'
[1048.798s] Level 1:colcon.colcon_core.environment:checking '/home/ubuntu/drone_ros2_ws/src/install/px4_msgs/bin'
[1048.799s] INFO:colcon.colcon_core.shell:Creating package script '/home/ubuntu/drone_ros2_ws/src/install/px4_msgs/share/px4_msgs/package.ps1'
[1048.806s] INFO:colcon.colcon_core.shell:Creating package descriptor '/home/ubuntu/drone_ros2_ws/src/install/px4_msgs/share/px4_msgs/package.dsv'
[1048.810s] INFO:colcon.colcon_core.shell:Creating package script '/home/ubuntu/drone_ros2_ws/src/install/px4_msgs/share/px4_msgs/package.sh'
[1048.814s] INFO:colcon.colcon_core.shell:Creating package script '/home/ubuntu/drone_ros2_ws/src/install/px4_msgs/share/px4_msgs/package.bash'
[1048.819s] INFO:colcon.colcon_core.shell:Creating package script '/home/ubuntu/drone_ros2_ws/src/install/px4_msgs/share/px4_msgs/package.zsh'
[1048.823s] Level 1:colcon.colcon_core.environment:create_file_with_runtime_dependencies(/home/ubuntu/drone_ros2_ws/src/install/px4_msgs/share/colcon-core/packages/px4_msgs)
[1048.838s] DEBUG:colcon.colcon_parallel_executor.executor.parallel:closing loop
[1048.839s] DEBUG:colcon.colcon_parallel_executor.executor.parallel:loop closed
[1048.840s] DEBUG:colcon.colcon_parallel_executor.executor.parallel:run_until_complete finished with '2'
[1048.841s] DEBUG:colcon.colcon_core.event_reactor:joining thread
[1048.891s] INFO:colcon.colcon_core.plugin_system:Skipping extension 'colcon_notification.desktop_notification.terminal_notifier': Not used on non-Darwin systems
[1048.892s] INFO:colcon.colcon_core.plugin_system:Skipping extension 'colcon_notification.desktop_notification.win32': Not used on non-Windows systems
[1048.892s] INFO:colcon.colcon_notification.desktop_notification:Sending desktop notification using 'notify2'
[1048.990s] DEBUG:colcon.colcon_core.event_reactor:joined thread
[1048.993s] INFO:colcon.colcon_core.shell:Creating prefix script '/home/ubuntu/drone_ros2_ws/src/install/local_setup.ps1'
[1048.999s] INFO:colcon.colcon_core.shell:Creating prefix util module '/home/ubuntu/drone_ros2_ws/src/install/_local_setup_util_ps1.py'
[1049.007s] INFO:colcon.colcon_core.shell:Creating prefix chain script '/home/ubuntu/drone_ros2_ws/src/install/setup.ps1'
[1049.015s] INFO:colcon.colcon_core.shell:Creating prefix script '/home/ubuntu/drone_ros2_ws/src/install/local_setup.sh'
[1049.020s] INFO:colcon.colcon_core.shell:Creating prefix util module '/home/ubuntu/drone_ros2_ws/src/install/_local_setup_util_sh.py'
[1049.025s] INFO:colcon.colcon_core.shell:Creating prefix chain script '/home/ubuntu/drone_ros2_ws/src/install/setup.sh'
[1049.035s] INFO:colcon.colcon_core.shell:Creating prefix script '/home/ubuntu/drone_ros2_ws/src/install/local_setup.bash'
[1049.039s] INFO:colcon.colcon_core.shell:Creating prefix chain script '/home/ubuntu/drone_ros2_ws/src/install/setup.bash'
[1049.048s] INFO:colcon.colcon_core.shell:Creating prefix script '/home/ubuntu/drone_ros2_ws/src/install/local_setup.zsh'
[1049.051s] INFO:colcon.colcon_core.shell:Creating prefix chain script '/home/ubuntu/drone_ros2_ws/src/install/setup.zsh'
