[0.826s] DEBUG:colcon:Command line arguments: ['/usr/bin/colcon', 'build', '--packages-select', 'px4_msgs']
[0.827s] DEBUG:colcon:Parsed command line arguments: Namespace(log_base=None, log_level=None, verb_name='build', build_base='build', install_base='install', merge_install=False, symlink_install=False, test_result_base=None, continue_on_error=False, executor='parallel', parallel_workers=4, event_handlers=None, ignore_user_meta=False, metas=['./colcon.meta'], base_paths=['.'], packages_ignore=None, packages_ignore_regex=None, paths=None, packages_up_to=None, packages_up_to_regex=None, packages_above=None, packages_above_and_dependencies=None, packages_above_depth=None, packages_select_by_dep=None, packages_skip_by_dep=None, packages_skip_up_to=None, packages_select_build_failed=False, packages_skip_build_finished=False, packages_select_test_failures=False, packages_skip_test_passed=False, packages_select=['px4_msgs'], packages_skip=None, packages_select_regex=None, packages_skip_regex=None, packages_start=None, packages_end=None, allow_overriding=[], cmake_args=None, cmake_target=None, cmake_target_skip_unavailable=False, cmake_clean_cache=False, cmake_clean_first=False, cmake_force_configure=False, ament_cmake_args=None, catkin_cmake_args=None, catkin_skip_building_tests=False, mixin_files=None, mixin=None, verb_parser=<colcon_mixin.mixin.mixin_argument.MixinArgumentDecorator object at 0xffffaadfae00>, verb_extension=<colcon_core.verb.build.BuildVerb object at 0xffffaadfa950>, main=<bound method BuildVerb.main of <colcon_core.verb.build.BuildVerb object at 0xffffaadfa950>>, mixin_verb=('build',))
[1.994s] Level 1:colcon.colcon_core.package_discovery:discover_packages(colcon_meta) check parameters
[1.994s] Level 1:colcon.colcon_core.package_discovery:discover_packages(recursive) check parameters
[1.995s] Level 1:colcon.colcon_core.package_discovery:discover_packages(ignore) check parameters
[1.995s] Level 1:colcon.colcon_core.package_discovery:discover_packages(path) check parameters
[1.995s] Level 1:colcon.colcon_core.package_discovery:discover_packages(colcon_meta) discover
[1.996s] Level 1:colcon.colcon_core.package_discovery:discover_packages(recursive) discover
[1.996s] INFO:colcon.colcon_core.package_discovery:Crawling recursively for packages in '/home/ubuntu/drone_ros2_ws/src'
[1.996s] Level 1:colcon.colcon_core.package_identification:_identify(.) by extensions ['ignore', 'ignore_ament_install']
[1.997s] Level 1:colcon.colcon_core.package_identification:_identify(.) by extension 'ignore'
[1.997s] Level 1:colcon.colcon_core.package_identification:_identify(.) by extension 'ignore_ament_install'
[1.998s] Level 1:colcon.colcon_core.package_identification:_identify(.) by extensions ['colcon_pkg']
[1.998s] Level 1:colcon.colcon_core.package_identification:_identify(.) by extension 'colcon_pkg'
[1.998s] Level 1:colcon.colcon_core.package_identification:_identify(.) by extensions ['colcon_meta']
[1.998s] Level 1:colcon.colcon_core.package_identification:_identify(.) by extension 'colcon_meta'
[1.999s] Level 1:colcon.colcon_core.package_identification:_identify(.) by extensions ['ros']
[1.999s] Level 1:colcon.colcon_core.package_identification:_identify(.) by extension 'ros'
[2.051s] Level 1:colcon.colcon_core.package_identification:_identify(.) by extensions ['cmake', 'python']
[2.051s] Level 1:colcon.colcon_core.package_identification:_identify(.) by extension 'cmake'
[2.052s] Level 1:colcon.colcon_core.package_identification:_identify(.) by extension 'python'
[2.052s] Level 1:colcon.colcon_core.package_identification:_identify(.) by extensions ['python_setup_py']
[2.052s] Level 1:colcon.colcon_core.package_identification:_identify(.) by extension 'python_setup_py'
[2.053s] Level 1:colcon.colcon_core.package_identification:_identify(aruco_detection) by extensions ['ignore', 'ignore_ament_install']
[2.053s] Level 1:colcon.colcon_core.package_identification:_identify(aruco_detection) by extension 'ignore'
[2.054s] Level 1:colcon.colcon_core.package_identification:_identify(aruco_detection) by extension 'ignore_ament_install'
[2.054s] Level 1:colcon.colcon_core.package_identification:_identify(aruco_detection) by extensions ['colcon_pkg']
[2.054s] Level 1:colcon.colcon_core.package_identification:_identify(aruco_detection) by extension 'colcon_pkg'
[2.054s] Level 1:colcon.colcon_core.package_identification:_identify(aruco_detection) by extensions ['colcon_meta']
[2.054s] Level 1:colcon.colcon_core.package_identification:_identify(aruco_detection) by extension 'colcon_meta'
[2.055s] Level 1:colcon.colcon_core.package_identification:_identify(aruco_detection) by extensions ['ros']
[2.055s] Level 1:colcon.colcon_core.package_identification:_identify(aruco_detection) by extension 'ros'
[2.067s] DEBUG:colcon.colcon_core.package_identification:Package 'aruco_detection' with type 'ros.ament_python' and name 'aruco_detection'
[2.068s] Level 1:colcon.colcon_core.package_identification:_identify(build) by extensions ['ignore', 'ignore_ament_install']
[2.068s] Level 1:colcon.colcon_core.package_identification:_identify(build) by extension 'ignore'
[2.069s] Level 1:colcon.colcon_core.package_identification:_identify(build) ignored
[2.069s] Level 1:colcon.colcon_core.package_identification:_identify(charging_station) by extensions ['ignore', 'ignore_ament_install']
[2.070s] Level 1:colcon.colcon_core.package_identification:_identify(charging_station) by extension 'ignore'
[2.070s] Level 1:colcon.colcon_core.package_identification:_identify(charging_station) by extension 'ignore_ament_install'
[2.071s] Level 1:colcon.colcon_core.package_identification:_identify(charging_station) by extensions ['colcon_pkg']
[2.071s] Level 1:colcon.colcon_core.package_identification:_identify(charging_station) by extension 'colcon_pkg'
[2.071s] Level 1:colcon.colcon_core.package_identification:_identify(charging_station) by extensions ['colcon_meta']
[2.072s] Level 1:colcon.colcon_core.package_identification:_identify(charging_station) by extension 'colcon_meta'
[2.072s] Level 1:colcon.colcon_core.package_identification:_identify(charging_station) by extensions ['ros']
[2.073s] Level 1:colcon.colcon_core.package_identification:_identify(charging_station) by extension 'ros'
[2.078s] DEBUG:colcon.colcon_core.package_identification:Package 'charging_station' with type 'ros.ament_python' and name 'charging_station'
[2.079s] Level 1:colcon.colcon_core.package_identification:_identify(drone_control) by extensions ['ignore', 'ignore_ament_install']
[2.079s] Level 1:colcon.colcon_core.package_identification:_identify(drone_control) by extension 'ignore'
[2.080s] Level 1:colcon.colcon_core.package_identification:_identify(drone_control) by extension 'ignore_ament_install'
[2.080s] Level 1:colcon.colcon_core.package_identification:_identify(drone_control) by extensions ['colcon_pkg']
[2.080s] Level 1:colcon.colcon_core.package_identification:_identify(drone_control) by extension 'colcon_pkg'
[2.081s] Level 1:colcon.colcon_core.package_identification:_identify(drone_control) by extensions ['colcon_meta']
[2.081s] Level 1:colcon.colcon_core.package_identification:_identify(drone_control) by extension 'colcon_meta'
[2.081s] Level 1:colcon.colcon_core.package_identification:_identify(drone_control) by extensions ['ros']
[2.081s] Level 1:colcon.colcon_core.package_identification:_identify(drone_control) by extension 'ros'
[2.086s] DEBUG:colcon.colcon_core.package_identification:Package 'drone_control' with type 'ros.ament_python' and name 'drone_control'
[2.087s] Level 1:colcon.colcon_core.package_identification:_identify(install) by extensions ['ignore', 'ignore_ament_install']
[2.087s] Level 1:colcon.colcon_core.package_identification:_identify(install) by extension 'ignore'
[2.087s] Level 1:colcon.colcon_core.package_identification:_identify(install) ignored
[2.088s] Level 1:colcon.colcon_core.package_identification:_identify(log) by extensions ['ignore', 'ignore_ament_install']
[2.088s] Level 1:colcon.colcon_core.package_identification:_identify(log) by extension 'ignore'
[2.089s] Level 1:colcon.colcon_core.package_identification:_identify(log) ignored
[2.089s] Level 1:colcon.colcon_core.package_identification:_identify(px4_msgs) by extensions ['ignore', 'ignore_ament_install']
[2.090s] Level 1:colcon.colcon_core.package_identification:_identify(px4_msgs) by extension 'ignore'
[2.090s] Level 1:colcon.colcon_core.package_identification:_identify(px4_msgs) by extension 'ignore_ament_install'
[2.090s] Level 1:colcon.colcon_core.package_identification:_identify(px4_msgs) by extensions ['colcon_pkg']
[2.091s] Level 1:colcon.colcon_core.package_identification:_identify(px4_msgs) by extension 'colcon_pkg'
[2.091s] Level 1:colcon.colcon_core.package_identification:_identify(px4_msgs) by extensions ['colcon_meta']
[2.091s] Level 1:colcon.colcon_core.package_identification:_identify(px4_msgs) by extension 'colcon_meta'
[2.091s] Level 1:colcon.colcon_core.package_identification:_identify(px4_msgs) by extensions ['ros']
[2.091s] Level 1:colcon.colcon_core.package_identification:_identify(px4_msgs) by extension 'ros'
[2.095s] DEBUG:colcon.colcon_core.package_identification:Package 'px4_msgs' with type 'ros.ament_cmake' and name 'px4_msgs'
[2.095s] Level 1:colcon.colcon_core.package_identification:_identify(px4_ros_com) by extensions ['ignore', 'ignore_ament_install']
[2.096s] Level 1:colcon.colcon_core.package_identification:_identify(px4_ros_com) by extension 'ignore'
[2.096s] Level 1:colcon.colcon_core.package_identification:_identify(px4_ros_com) by extension 'ignore_ament_install'
[2.097s] Level 1:colcon.colcon_core.package_identification:_identify(px4_ros_com) by extensions ['colcon_pkg']
[2.097s] Level 1:colcon.colcon_core.package_identification:_identify(px4_ros_com) by extension 'colcon_pkg'
[2.097s] Level 1:colcon.colcon_core.package_identification:_identify(px4_ros_com) by extensions ['colcon_meta']
[2.097s] Level 1:colcon.colcon_core.package_identification:_identify(px4_ros_com) by extension 'colcon_meta'
[2.097s] Level 1:colcon.colcon_core.package_identification:_identify(px4_ros_com) by extensions ['ros']
[2.097s] Level 1:colcon.colcon_core.package_identification:_identify(px4_ros_com) by extension 'ros'
[2.103s] DEBUG:colcon.colcon_core.package_identification:Package 'px4_ros_com' with type 'ros.ament_cmake' and name 'px4_ros_com'
[2.103s] Level 1:colcon.colcon_core.package_discovery:discover_packages(recursive) using defaults
[2.104s] Level 1:colcon.colcon_core.package_discovery:discover_packages(ignore) discover
[2.104s] Level 1:colcon.colcon_core.package_discovery:discover_packages(ignore) using defaults
[2.104s] Level 1:colcon.colcon_core.package_discovery:discover_packages(path) discover
[2.104s] Level 1:colcon.colcon_core.package_discovery:discover_packages(path) using defaults
[2.242s] INFO:colcon.colcon_core.package_selection:Skipping not selected package 'aruco_detection' in 'aruco_detection'
[2.242s] INFO:colcon.colcon_core.package_selection:Skipping not selected package 'charging_station' in 'charging_station'
[2.242s] INFO:colcon.colcon_core.package_selection:Skipping not selected package 'drone_control' in 'drone_control'
[2.242s] INFO:colcon.colcon_core.package_selection:Skipping not selected package 'px4_ros_com' in 'px4_ros_com'
[2.244s] Level 1:colcon.colcon_core.package_discovery:discover_packages(prefix_path) check parameters
[2.245s] Level 1:colcon.colcon_core.package_discovery:discover_packages(prefix_path) discover
[2.255s] DEBUG:colcon.colcon_installed_package_information.package_discovery:Found 3 installed packages in /home/ubuntu/drone_ros2_ws/install
[2.265s] DEBUG:colcon.colcon_installed_package_information.package_discovery:Found 275 installed packages in /opt/ros/humble
[2.273s] Level 1:colcon.colcon_core.package_discovery:discover_packages(prefix_path) using defaults
[2.476s] Level 5:colcon.colcon_core.verb:set package 'px4_msgs' build argument 'cmake_args' from command line to 'None'
[2.476s] Level 5:colcon.colcon_core.verb:set package 'px4_msgs' build argument 'cmake_target' from command line to 'None'
[2.476s] Level 5:colcon.colcon_core.verb:set package 'px4_msgs' build argument 'cmake_target_skip_unavailable' from command line to 'False'
[2.476s] Level 5:colcon.colcon_core.verb:set package 'px4_msgs' build argument 'cmake_clean_cache' from command line to 'False'
[2.477s] Level 5:colcon.colcon_core.verb:set package 'px4_msgs' build argument 'cmake_clean_first' from command line to 'False'
[2.477s] Level 5:colcon.colcon_core.verb:set package 'px4_msgs' build argument 'cmake_force_configure' from command line to 'False'
[2.477s] Level 5:colcon.colcon_core.verb:set package 'px4_msgs' build argument 'ament_cmake_args' from command line to 'None'
[2.477s] Level 5:colcon.colcon_core.verb:set package 'px4_msgs' build argument 'catkin_cmake_args' from command line to 'None'
[2.477s] Level 5:colcon.colcon_core.verb:set package 'px4_msgs' build argument 'catkin_skip_building_tests' from command line to 'False'
[2.477s] DEBUG:colcon.colcon_core.verb:Building package 'px4_msgs' with the following arguments: {'ament_cmake_args': None, 'build_base': '/home/ubuntu/drone_ros2_ws/src/build/px4_msgs', 'catkin_cmake_args': None, 'catkin_skip_building_tests': False, 'cmake_args': None, 'cmake_clean_cache': False, 'cmake_clean_first': False, 'cmake_force_configure': False, 'cmake_target': None, 'cmake_target_skip_unavailable': False, 'install_base': '/home/ubuntu/drone_ros2_ws/src/install/px4_msgs', 'merge_install': False, 'path': '/home/ubuntu/drone_ros2_ws/src/px4_msgs', 'symlink_install': False, 'test_result_base': None}
[2.478s] INFO:colcon.colcon_core.executor:Executing jobs using 'parallel' executor
[2.482s] DEBUG:colcon.colcon_parallel_executor.executor.parallel:run_until_complete
[2.483s] INFO:colcon.colcon_ros.task.ament_cmake.build:Building ROS package in '/home/ubuntu/drone_ros2_ws/src/px4_msgs' with build type 'ament_cmake'
[2.484s] INFO:colcon.colcon_cmake.task.cmake.build:Building CMake package in '/home/ubuntu/drone_ros2_ws/src/px4_msgs'
[2.496s] INFO:colcon.colcon_core.plugin_system:Skipping extension 'colcon_core.shell.bat': Not used on non-Windows systems
[2.497s] INFO:colcon.colcon_core.shell:Skip shell extension 'powershell' for command environment: Not usable outside of PowerShell
[2.497s] DEBUG:colcon.colcon_core.shell:Skip shell extension 'dsv' for command environment
[2.547s] DEBUG:colcon.colcon_core.event_handler.log_command:Invoking command in '/home/ubuntu/drone_ros2_ws/src/build/px4_msgs': CMAKE_PREFIX_PATH=/home/ubuntu/drone_ros2_ws/install/drone_control:/home/ubuntu/drone_ros2_ws/install/charging_station:/home/ubuntu/drone_ros2_ws/install/aruco_detection:/opt/ros/humble /usr/bin/cmake --build /home/ubuntu/drone_ros2_ws/src/build/px4_msgs -- -j4 -l4
[9.447s] DEBUG:colcon.colcon_core.event_handler.log_command:Invoked command in '/home/ubuntu/drone_ros2_ws/src/build/px4_msgs' returned '0': CMAKE_PREFIX_PATH=/home/ubuntu/drone_ros2_ws/install/drone_control:/home/ubuntu/drone_ros2_ws/install/charging_station:/home/ubuntu/drone_ros2_ws/install/aruco_detection:/opt/ros/humble /usr/bin/cmake --build /home/ubuntu/drone_ros2_ws/src/build/px4_msgs -- -j4 -l4
[45.170s] DEBUG:colcon.colcon_core.event_handler.log_command:Invoking command in '/home/ubuntu/drone_ros2_ws/src/build/px4_msgs': CMAKE_PREFIX_PATH=/home/ubuntu/drone_ros2_ws/install/drone_control:/home/ubuntu/drone_ros2_ws/install/charging_station:/home/ubuntu/drone_ros2_ws/install/aruco_detection:/opt/ros/humble /usr/bin/cmake --install /home/ubuntu/drone_ros2_ws/src/build/px4_msgs
[58.923s] Level 1:colcon.colcon_core.environment:create_environment_scripts_only(px4_msgs)
[58.925s] DEBUG:colcon.colcon_core.event_handler.log_command:Invoked command in '/home/ubuntu/drone_ros2_ws/src/build/px4_msgs' returned '0': CMAKE_PREFIX_PATH=/home/ubuntu/drone_ros2_ws/install/drone_control:/home/ubuntu/drone_ros2_ws/install/charging_station:/home/ubuntu/drone_ros2_ws/install/aruco_detection:/opt/ros/humble /usr/bin/cmake --install /home/ubuntu/drone_ros2_ws/src/build/px4_msgs
[58.937s] Level 1:colcon.colcon_core.environment:checking '/home/ubuntu/drone_ros2_ws/src/install/px4_msgs' for CMake module files
[58.943s] Level 1:colcon.colcon_core.environment:checking '/home/ubuntu/drone_ros2_ws/src/install/px4_msgs' for CMake config files
[58.953s] Level 1:colcon.colcon_core.shell:create_environment_hook('px4_msgs', 'cmake_prefix_path')
[58.954s] INFO:colcon.colcon_core.shell:Creating environment hook '/home/ubuntu/drone_ros2_ws/src/install/px4_msgs/share/px4_msgs/hook/cmake_prefix_path.ps1'
[58.958s] INFO:colcon.colcon_core.shell:Creating environment descriptor '/home/ubuntu/drone_ros2_ws/src/install/px4_msgs/share/px4_msgs/hook/cmake_prefix_path.dsv'
[58.961s] INFO:colcon.colcon_core.shell:Creating environment hook '/home/ubuntu/drone_ros2_ws/src/install/px4_msgs/share/px4_msgs/hook/cmake_prefix_path.sh'
[58.966s] Level 1:colcon.colcon_core.environment:checking '/home/ubuntu/drone_ros2_ws/src/install/px4_msgs/lib'
[58.967s] Level 1:colcon.colcon_core.shell:create_environment_hook('px4_msgs', 'ld_library_path_lib')
[58.968s] INFO:colcon.colcon_core.shell:Creating environment hook '/home/ubuntu/drone_ros2_ws/src/install/px4_msgs/share/px4_msgs/hook/ld_library_path_lib.ps1'
[58.970s] INFO:colcon.colcon_core.shell:Creating environment descriptor '/home/ubuntu/drone_ros2_ws/src/install/px4_msgs/share/px4_msgs/hook/ld_library_path_lib.dsv'
[58.973s] INFO:colcon.colcon_core.shell:Creating environment hook '/home/ubuntu/drone_ros2_ws/src/install/px4_msgs/share/px4_msgs/hook/ld_library_path_lib.sh'
[58.975s] Level 1:colcon.colcon_core.environment:checking '/home/ubuntu/drone_ros2_ws/src/install/px4_msgs/bin'
[58.976s] Level 1:colcon.colcon_core.environment:checking '/home/ubuntu/drone_ros2_ws/src/install/px4_msgs/lib/pkgconfig/px4_msgs.pc'
[58.978s] Level 1:colcon.colcon_core.environment:checking '/home/ubuntu/drone_ros2_ws/src/install/px4_msgs/lib/python3.10/site-packages'
[58.979s] Level 1:colcon.colcon_core.environment:checking '/home/ubuntu/drone_ros2_ws/src/install/px4_msgs/bin'
[58.981s] INFO:colcon.colcon_core.shell:Creating package script '/home/ubuntu/drone_ros2_ws/src/install/px4_msgs/share/px4_msgs/package.ps1'
[58.985s] INFO:colcon.colcon_core.shell:Creating package descriptor '/home/ubuntu/drone_ros2_ws/src/install/px4_msgs/share/px4_msgs/package.dsv'
[58.989s] INFO:colcon.colcon_core.shell:Creating package script '/home/ubuntu/drone_ros2_ws/src/install/px4_msgs/share/px4_msgs/package.sh'
[58.993s] INFO:colcon.colcon_core.shell:Creating package script '/home/ubuntu/drone_ros2_ws/src/install/px4_msgs/share/px4_msgs/package.bash'
[58.996s] INFO:colcon.colcon_core.shell:Creating package script '/home/ubuntu/drone_ros2_ws/src/install/px4_msgs/share/px4_msgs/package.zsh'
[59.000s] Level 1:colcon.colcon_core.environment:create_file_with_runtime_dependencies(/home/ubuntu/drone_ros2_ws/src/install/px4_msgs/share/colcon-core/packages/px4_msgs)
[94.590s] Level 1:colcon.colcon_core.environment:create_environment_scripts_only(px4_msgs)
[94.593s] Level 1:colcon.colcon_core.environment:checking '/home/ubuntu/drone_ros2_ws/src/install/px4_msgs' for CMake module files
[94.598s] Level 1:colcon.colcon_core.environment:checking '/home/ubuntu/drone_ros2_ws/src/install/px4_msgs' for CMake config files
[94.607s] Level 1:colcon.colcon_core.shell:create_environment_hook('px4_msgs', 'cmake_prefix_path')
[94.609s] INFO:colcon.colcon_core.shell:Creating environment hook '/home/ubuntu/drone_ros2_ws/src/install/px4_msgs/share/px4_msgs/hook/cmake_prefix_path.ps1'
[94.611s] INFO:colcon.colcon_core.shell:Creating environment descriptor '/home/ubuntu/drone_ros2_ws/src/install/px4_msgs/share/px4_msgs/hook/cmake_prefix_path.dsv'
[94.613s] INFO:colcon.colcon_core.shell:Creating environment hook '/home/ubuntu/drone_ros2_ws/src/install/px4_msgs/share/px4_msgs/hook/cmake_prefix_path.sh'
[94.616s] Level 1:colcon.colcon_core.environment:checking '/home/ubuntu/drone_ros2_ws/src/install/px4_msgs/lib'
[94.617s] Level 1:colcon.colcon_core.shell:create_environment_hook('px4_msgs', 'ld_library_path_lib')
[94.618s] INFO:colcon.colcon_core.shell:Creating environment hook '/home/ubuntu/drone_ros2_ws/src/install/px4_msgs/share/px4_msgs/hook/ld_library_path_lib.ps1'
[94.621s] INFO:colcon.colcon_core.shell:Creating environment descriptor '/home/ubuntu/drone_ros2_ws/src/install/px4_msgs/share/px4_msgs/hook/ld_library_path_lib.dsv'
[94.624s] INFO:colcon.colcon_core.shell:Creating environment hook '/home/ubuntu/drone_ros2_ws/src/install/px4_msgs/share/px4_msgs/hook/ld_library_path_lib.sh'
[94.627s] Level 1:colcon.colcon_core.environment:checking '/home/ubuntu/drone_ros2_ws/src/install/px4_msgs/bin'
[94.627s] Level 1:colcon.colcon_core.environment:checking '/home/ubuntu/drone_ros2_ws/src/install/px4_msgs/lib/pkgconfig/px4_msgs.pc'
[94.629s] Level 1:colcon.colcon_core.environment:checking '/home/ubuntu/drone_ros2_ws/src/install/px4_msgs/lib/python3.10/site-packages'
[94.630s] Level 1:colcon.colcon_core.environment:checking '/home/ubuntu/drone_ros2_ws/src/install/px4_msgs/bin'
[94.632s] INFO:colcon.colcon_core.shell:Creating package script '/home/ubuntu/drone_ros2_ws/src/install/px4_msgs/share/px4_msgs/package.ps1'
[94.635s] INFO:colcon.colcon_core.shell:Creating package descriptor '/home/ubuntu/drone_ros2_ws/src/install/px4_msgs/share/px4_msgs/package.dsv'
[94.638s] INFO:colcon.colcon_core.shell:Creating package script '/home/ubuntu/drone_ros2_ws/src/install/px4_msgs/share/px4_msgs/package.sh'
[94.641s] INFO:colcon.colcon_core.shell:Creating package script '/home/ubuntu/drone_ros2_ws/src/install/px4_msgs/share/px4_msgs/package.bash'
[94.644s] INFO:colcon.colcon_core.shell:Creating package script '/home/ubuntu/drone_ros2_ws/src/install/px4_msgs/share/px4_msgs/package.zsh'
[94.646s] Level 1:colcon.colcon_core.environment:create_file_with_runtime_dependencies(/home/ubuntu/drone_ros2_ws/src/install/px4_msgs/share/colcon-core/packages/px4_msgs)
[94.647s] DEBUG:colcon.colcon_parallel_executor.executor.parallel:closing loop
[94.649s] DEBUG:colcon.colcon_parallel_executor.executor.parallel:loop closed
[94.649s] DEBUG:colcon.colcon_parallel_executor.executor.parallel:run_until_complete finished with '0'
[94.649s] DEBUG:colcon.colcon_core.event_reactor:joining thread
[94.678s] INFO:colcon.colcon_core.plugin_system:Skipping extension 'colcon_notification.desktop_notification.terminal_notifier': Not used on non-Darwin systems
[94.678s] INFO:colcon.colcon_core.plugin_system:Skipping extension 'colcon_notification.desktop_notification.win32': Not used on non-Windows systems
[94.679s] INFO:colcon.colcon_notification.desktop_notification:Sending desktop notification using 'notify2'
[94.743s] DEBUG:colcon.colcon_core.event_reactor:joined thread
[94.745s] INFO:colcon.colcon_core.shell:Creating prefix script '/home/ubuntu/drone_ros2_ws/src/install/local_setup.ps1'
[94.750s] INFO:colcon.colcon_core.shell:Creating prefix util module '/home/ubuntu/drone_ros2_ws/src/install/_local_setup_util_ps1.py'
[94.759s] INFO:colcon.colcon_core.shell:Creating prefix chain script '/home/ubuntu/drone_ros2_ws/src/install/setup.ps1'
[94.767s] INFO:colcon.colcon_core.shell:Creating prefix script '/home/ubuntu/drone_ros2_ws/src/install/local_setup.sh'
[94.771s] INFO:colcon.colcon_core.shell:Creating prefix util module '/home/ubuntu/drone_ros2_ws/src/install/_local_setup_util_sh.py'
[94.775s] INFO:colcon.colcon_core.shell:Creating prefix chain script '/home/ubuntu/drone_ros2_ws/src/install/setup.sh'
[94.783s] INFO:colcon.colcon_core.shell:Creating prefix script '/home/ubuntu/drone_ros2_ws/src/install/local_setup.bash'
[94.787s] INFO:colcon.colcon_core.shell:Creating prefix chain script '/home/ubuntu/drone_ros2_ws/src/install/setup.bash'
[94.795s] INFO:colcon.colcon_core.shell:Creating prefix script '/home/ubuntu/drone_ros2_ws/src/install/local_setup.zsh'
[94.798s] INFO:colcon.colcon_core.shell:Creating prefix chain script '/home/ubuntu/drone_ros2_ws/src/install/setup.zsh'
