[0.079s] Invoking command in '/home/ubuntu/drone_ros2_ws/src/build/px4_ros_com': CMAKE_PREFIX_PATH=/home/ubuntu/drone_ros2_ws/install/drone_control:/home/ubuntu/drone_ros2_ws/install/charging_station:/home/ubuntu/drone_ros2_ws/install/aruco_detection:/opt/ros/humble /usr/bin/cmake /home/ubuntu/drone_ros2_ws/src/px4_ros_com -DCMAKE_INSTALL_PREFIX=/home/ubuntu/drone_ros2_ws/src/install/px4_ros_com
[0.525s] -- The C compiler identification is GNU 11.4.0
[0.914s] -- The CXX compiler identification is GNU 11.4.0
[0.962s] -- Detecting C compiler ABI info
[1.407s] -- Detecting C compiler ABI info - done
[1.444s] -- Check for working C compiler: /usr/bin/cc - skipped
[1.448s] -- Detecting C compile features
[1.450s] -- Detecting C compile features - done
[1.470s] -- Detecting CXX compiler ABI info
[1.971s] -- Detecting CXX compiler ABI info - done
[2.004s] -- Check for working CXX compiler: /usr/bin/c++ - skipped
[2.005s] -- Detecting CXX compile features
[2.007s] -- Detecting CXX compile features - done
[2.044s] -- Found ament_cmake: 1.3.10 (/opt/ros/humble/share/ament_cmake/cmake)
[4.422s] -- Found Python3: /usr/bin/python3 (found version "3.10.12") found components: Interpreter 
[5.193s] -- Found builtin_interfaces: 1.2.1 (/opt/ros/humble/share/builtin_interfaces/cmake)
[5.563s] -- Found rosidl_generator_c: 3.1.5 (/opt/ros/humble/share/rosidl_generator_c/cmake)
[5.628s] -- Found rosidl_adapter: 3.1.5 (/opt/ros/humble/share/rosidl_adapter/cmake)
[5.713s] -- Found rosidl_generator_cpp: 3.1.5 (/opt/ros/humble/share/rosidl_generator_cpp/cmake)
[5.820s] -- Using all available rosidl_typesupport_c: rosidl_typesupport_fastrtps_c;rosidl_typesupport_introspection_c
[5.966s] -- Using all available rosidl_typesupport_cpp: rosidl_typesupport_fastrtps_cpp;rosidl_typesupport_introspection_cpp
[6.103s] -- Found eigen3_cmake_module: 0.1.1 (/opt/ros/humble/share/eigen3_cmake_module/cmake)
[6.231s] -- Found Eigen3: TRUE (found version "3.4.0") 
[6.259s] -- Found geometry_msgs: 4.2.4 (/opt/ros/humble/share/geometry_msgs/cmake)
[6.648s] [31mCMake Error at CMakeLists.txt:24 (find_package):
[6.649s]   By not providing "Findpx4_msgs.cmake" in CMAKE_MODULE_PATH this project has
[6.649s]   asked CMake to find a package configuration file provided by "px4_msgs",
[6.649s]   but CMake did not find one.
[6.650s] 
[6.651s]   Could not find a package configuration file provided by "px4_msgs" with any
[6.653s]   of the following names:
[6.654s] 
[6.654s]     px4_msgsConfig.cmake
[6.655s]     px4_msgs-config.cmake
[6.656s] 
[6.656s]   Add the installation prefix of "px4_msgs" to CMAKE_PREFIX_PATH or set
[6.657s]   "px4_msgs_DIR" to a directory containing one of the above files.  If
[6.658s]   "px4_msgs" provides a separate development package or SDK, be sure it has
[6.659s]   been installed.
[6.660s] 
[6.660s] [0m
[6.662s] -- Configuring incomplete, errors occurred!
[6.664s] See also "/home/ubuntu/drone_ros2_ws/src/build/px4_ros_com/CMakeFiles/CMakeOutput.log".
[6.680s] Invoked command in '/home/ubuntu/drone_ros2_ws/src/build/px4_ros_com' returned '1': CMAKE_PREFIX_PATH=/home/ubuntu/drone_ros2_ws/install/drone_control:/home/ubuntu/drone_ros2_ws/install/charging_station:/home/ubuntu/drone_ros2_ws/install/aruco_detection:/opt/ros/humble /usr/bin/cmake /home/ubuntu/drone_ros2_ws/src/px4_ros_com -DCMAKE_INSTALL_PREFIX=/home/ubuntu/drone_ros2_ws/src/install/px4_ros_com
