[0.060s] Invoking command in '/home/ubuntu/drone_ros2_ws/src/build/px4_msgs': CMAKE_PREFIX_PATH=/home/ubuntu/drone_ros2_ws/install/drone_control:/home/ubuntu/drone_ros2_ws/install/charging_station:/home/ubuntu/drone_ros2_ws/install/aruco_detection:/opt/ros/humble /usr/bin/cmake --build /home/ubuntu/drone_ros2_ws/src/build/px4_msgs -- -j4 -l4
[4.199s] [  0%] Built target px4_msgs__cpp
[4.459s] [ 12%] Built target px4_msgs__rosidl_generator_c
[4.740s] [ 12%] Built target ament_cmake_python_copy_px4_msgs
[4.799s] [ 24%] Built target px4_msgs__rosidl_typesupport_cpp
[4.918s] [ 36%] Built target px4_msgs__rosidl_typesupport_fastrtps_cpp
[5.226s] [ 49%] Built target px4_msgs__rosidl_typesupport_introspection_cpp
[5.282s] [ 75%] Built target px4_msgs__rosidl_typesupport_introspection_c
[5.285s] [ 75%] Built target px4_msgs__rosidl_typesupport_c
[5.454s] [ 88%] Built target px4_msgs__rosidl_typesupport_fastrtps_c
[5.568s] [ 88%] Built target px4_msgs
[5.766s] [ 88%] Built target px4_msgs__py
[6.319s] [100%] Built target px4_msgs__rosidl_generator_py
[6.381s] [35m[1mConsolidate compiler generated dependencies of target px4_msgs__rosidl_typesupport_fastrtps_c__pyext[0m
[6.382s] [35m[1mConsolidate compiler generated dependencies of target px4_msgs__rosidl_typesupport_introspection_c__pyext[0m
[6.386s] [35m[1mConsolidate compiler generated dependencies of target px4_msgs__rosidl_typesupport_c__pyext[0m
[6.552s] [100%] Built target px4_msgs__rosidl_typesupport_introspection_c__pyext
[6.570s] [100%] Built target px4_msgs__rosidl_typesupport_c__pyext
[6.613s] [100%] Built target px4_msgs__rosidl_typesupport_fastrtps_c__pyext
[6.713s] running egg_info
[6.810s] writing px4_msgs.egg-info/PKG-INFO
[6.813s] writing dependency_links to px4_msgs.egg-info/dependency_links.txt
[6.815s] writing top-level names to px4_msgs.egg-info/top_level.txt
[7.205s] reading manifest file 'px4_msgs.egg-info/SOURCES.txt'
[7.289s] Traceback (most recent call last):
[7.291s]   File "/home/ubuntu/drone_ros2_ws/src/build/px4_msgs/ament_cmake_python/px4_msgs/setup.py", line 4, in <module>
[7.293s]     setup(
[7.294s]   File "/home/ubuntu/.local/lib/python3.10/site-packages/setuptools/__init__.py", line 117, in setup
[7.296s]     return distutils.core.setup(**attrs)
[7.297s]   File "/home/ubuntu/.local/lib/python3.10/site-packages/setuptools/_distutils/core.py", line 183, in setup
[7.299s]     return run_commands(dist)
[7.300s]   File "/home/ubuntu/.local/lib/python3.10/site-packages/setuptools/_distutils/core.py", line 199, in run_commands
[7.302s]     dist.run_commands()
[7.304s]   File "/home/ubuntu/.local/lib/python3.10/site-packages/setuptools/_distutils/dist.py", line 954, in run_commands
[7.305s]     self.run_command(cmd)
[7.306s]   File "/home/ubuntu/.local/lib/python3.10/site-packages/setuptools/dist.py", line 950, in run_command
[7.307s]     super().run_command(command)
[7.308s]   File "/home/ubuntu/.local/lib/python3.10/site-packages/setuptools/_distutils/dist.py", line 973, in run_command
[7.310s]     cmd_obj.run()
[7.311s]   File "/home/ubuntu/.local/lib/python3.10/site-packages/setuptools/command/egg_info.py", line 311, in run
[7.312s]     self.find_sources()
[7.313s]   File "/home/ubuntu/.local/lib/python3.10/site-packages/setuptools/command/egg_info.py", line 319, in find_sources
[7.314s]     mm.run()
[7.315s]   File "/home/ubuntu/.local/lib/python3.10/site-packages/setuptools/command/egg_info.py", line 545, in run
[7.316s]     self.prune_file_list()
[7.318s]   File "/home/ubuntu/.local/lib/python3.10/site-packages/setuptools/command/sdist.py", line 161, in prune_file_list
[7.319s]     super().prune_file_list()
[7.320s]   File "/home/ubuntu/.local/lib/python3.10/site-packages/setuptools/_distutils/command/sdist.py", line 380, in prune_file_list
[7.321s]     base_dir = self.distribution.get_fullname()
[7.322s]   File "/home/ubuntu/.local/lib/python3.10/site-packages/setuptools/_core_metadata.py", line 267, in get_fullname
[7.322s]     return _distribution_fullname(self.get_name(), self.get_version())
[7.323s]   File "/home/ubuntu/.local/lib/python3.10/site-packages/setuptools/_core_metadata.py", line 285, in _distribution_fullname
[7.324s]     canonicalize_version(version, strip_trailing_zero=False),
[7.325s] TypeError: canonicalize_version() got an unexpected keyword argument 'strip_trailing_zero'
[7.444s] gmake[2]: *** [CMakeFiles/ament_cmake_python_build_px4_msgs_egg.dir/build.make:70: CMakeFiles/ament_cmake_python_build_px4_msgs_egg] Error 1
[7.445s] gmake[1]: *** [CMakeFiles/Makefile2:447: CMakeFiles/ament_cmake_python_build_px4_msgs_egg.dir/all] Error 2
[7.446s] gmake: *** [Makefile:146: all] Error 2
[7.455s] Invoked command in '/home/ubuntu/drone_ros2_ws/src/build/px4_msgs' returned '2': CMAKE_PREFIX_PATH=/home/ubuntu/drone_ros2_ws/install/drone_control:/home/ubuntu/drone_ros2_ws/install/charging_station:/home/ubuntu/drone_ros2_ws/install/aruco_detection:/opt/ros/humble /usr/bin/cmake --build /home/ubuntu/drone_ros2_ws/src/build/px4_msgs -- -j4 -l4
