[0.072s] Invoking command in '/home/ubuntu/drone_ros2_ws/src/build/px4_ros_com': AMENT_PREFIX_PATH=/home/ubuntu/drone_ros2_ws/src/install/px4_msgs:${AMENT_PREFIX_PATH} CMAKE_PREFIX_PATH=/home/ubuntu/drone_ros2_ws/src/install/px4_msgs:/home/ubuntu/drone_ros2_ws/install/drone_control:/home/ubuntu/drone_ros2_ws/install/charging_station:/home/ubuntu/drone_ros2_ws/install/aruco_detection:/opt/ros/humble LD_LIBRARY_PATH=/home/ubuntu/drone_ros2_ws/src/install/px4_msgs/lib:${LD_LIBRARY_PATH} PYTHONPATH=/home/ubuntu/drone_ros2_ws/src/install/px4_msgs/local/lib/python3.10/dist-packages:${PYTHONPATH} /usr/bin/cmake /home/ubuntu/drone_ros2_ws/src/px4_ros_com -DCMAKE_INSTALL_PREFIX=/home/ubuntu/drone_ros2_ws/src/install/px4_ros_com
[0.145s] -- Found ament_cmake: 1.3.10 (/opt/ros/humble/share/ament_cmake/cmake)
[0.867s] -- Found builtin_interfaces: 1.2.1 (/opt/ros/humble/share/builtin_interfaces/cmake)
[1.052s] -- Found rosidl_generator_c: 3.1.5 (/opt/ros/humble/share/rosidl_generator_c/cmake)
[1.065s] -- Found rosidl_adapter: 3.1.5 (/opt/ros/humble/share/rosidl_adapter/cmake)
[1.092s] -- Found rosidl_generator_cpp: 3.1.5 (/opt/ros/humble/share/rosidl_generator_cpp/cmake)
[1.141s] -- Using all available rosidl_typesupport_c: rosidl_typesupport_fastrtps_c;rosidl_typesupport_introspection_c
[1.200s] -- Using all available rosidl_typesupport_cpp: rosidl_typesupport_fastrtps_cpp;rosidl_typesupport_introspection_cpp
[1.258s] -- Found eigen3_cmake_module: 0.1.1 (/opt/ros/humble/share/eigen3_cmake_module/cmake)
[1.268s] -- Found geometry_msgs: 4.2.4 (/opt/ros/humble/share/geometry_msgs/cmake)
[1.412s] -- Found px4_msgs: 2.0.1 (/home/ubuntu/drone_ros2_ws/src/install/px4_msgs/share/px4_msgs/cmake)
[1.501s] -- Found rclcpp: 16.0.10 (/opt/ros/humble/share/rclcpp/cmake)
[1.948s] -- Found rmw_implementation_cmake: 6.1.2 (/opt/ros/humble/share/rmw_implementation_cmake/cmake)
[1.985s] -- Found rmw_fastrtps_cpp: 6.2.7 (/opt/ros/humble/share/rmw_fastrtps_cpp/cmake)
[2.804s] -- Found OpenSSL: /usr/lib/aarch64-linux-gnu/libcrypto.so (found version "3.0.2")  
[3.130s] -- Found FastRTPS: /opt/ros/humble/include  
[3.641s] -- Using RMW implementation 'rmw_fastrtps_cpp' as default
[3.759s] -- Looking for pthread.h
[4.188s] -- Looking for pthread.h - found
[4.190s] -- Performing Test CMAKE_HAVE_LIBC_PTHREAD
[4.590s] -- Performing Test CMAKE_HAVE_LIBC_PTHREAD - Success
[4.597s] -- Found Threads: TRUE  
[4.919s] -- Found sensor_msgs: 4.2.4 (/opt/ros/humble/share/sensor_msgs/cmake)
[5.047s] -- Found rclpy: 3.3.14 (/opt/ros/humble/share/rclpy/cmake)
[5.112s] -- Found ament_lint_auto: 0.12.11 (/opt/ros/humble/share/ament_lint_auto/cmake)
[5.921s] -- Added test 'copyright' to check source files copyright and LICENSE
[5.999s] -- Added test 'cppcheck' to perform static code analysis on C / C++ code
[6.001s] -- Configured cppcheck include dirs: /home/ubuntu/drone_ros2_ws/src/px4_ros_com/include;$<BUILD_INTERFACE:/home/ubuntu/drone_ros2_ws/src/px4_ros_com/include/px4_ros_com>
[6.002s] -- Configured cppcheck exclude dirs and/or files: 
[6.066s] -- Added test 'cpplint' to check C / C++ code against the Google style
[6.067s] -- Configured cpplint exclude dirs and/or files: 
[6.079s] -- Added test 'flake8' to check Python code syntax and style conventions
[6.098s] -- Added test 'lint_cmake' to check CMake code style
[6.110s] -- Added test 'pep257' to check Python code against some of the docstring style conventions in PEP 257
[6.174s] -- Added test 'uncrustify' to check C / C++ code style
[6.175s] -- Configured uncrustify additional arguments: 
[6.186s] -- Added test 'xmllint' to check XML markup files
[6.205s] -- Configuring done
[6.391s] -- Generating done
[6.406s] -- Build files have been written to: /home/ubuntu/drone_ros2_ws/src/build/px4_ros_com
[6.440s] Invoked command in '/home/ubuntu/drone_ros2_ws/src/build/px4_ros_com' returned '0': AMENT_PREFIX_PATH=/home/ubuntu/drone_ros2_ws/src/install/px4_msgs:${AMENT_PREFIX_PATH} CMAKE_PREFIX_PATH=/home/ubuntu/drone_ros2_ws/src/install/px4_msgs:/home/ubuntu/drone_ros2_ws/install/drone_control:/home/ubuntu/drone_ros2_ws/install/charging_station:/home/ubuntu/drone_ros2_ws/install/aruco_detection:/opt/ros/humble LD_LIBRARY_PATH=/home/ubuntu/drone_ros2_ws/src/install/px4_msgs/lib:${LD_LIBRARY_PATH} PYTHONPATH=/home/ubuntu/drone_ros2_ws/src/install/px4_msgs/local/lib/python3.10/dist-packages:${PYTHONPATH} /usr/bin/cmake /home/ubuntu/drone_ros2_ws/src/px4_ros_com -DCMAKE_INSTALL_PREFIX=/home/ubuntu/drone_ros2_ws/src/install/px4_ros_com
[6.455s] Invoking command in '/home/ubuntu/drone_ros2_ws/src/build/px4_ros_com': AMENT_PREFIX_PATH=/home/ubuntu/drone_ros2_ws/src/install/px4_msgs:${AMENT_PREFIX_PATH} CMAKE_PREFIX_PATH=/home/ubuntu/drone_ros2_ws/src/install/px4_msgs:/home/ubuntu/drone_ros2_ws/install/drone_control:/home/ubuntu/drone_ros2_ws/install/charging_station:/home/ubuntu/drone_ros2_ws/install/aruco_detection:/opt/ros/humble LD_LIBRARY_PATH=/home/ubuntu/drone_ros2_ws/src/install/px4_msgs/lib:${LD_LIBRARY_PATH} PYTHONPATH=/home/ubuntu/drone_ros2_ws/src/install/px4_msgs/local/lib/python3.10/dist-packages:${PYTHONPATH} /usr/bin/cmake --build /home/ubuntu/drone_ros2_ws/src/build/px4_ros_com -- -j4 -l4
[6.737s] [  8%] [32mBuilding CXX object CMakeFiles/frame_transforms.dir/src/lib/frame_transforms.cpp.o[0m
[6.740s] [ 16%] [32mBuilding CXX object CMakeFiles/sensor_combined_listener.dir/src/examples/listeners/sensor_combined_listener.cpp.o[0m
[6.741s] [ 25%] [32mBuilding CXX object CMakeFiles/vehicle_gps_position_listener.dir/src/examples/listeners/vehicle_gps_position_listener.cpp.o[0m
[6.750s] [ 33%] [32mBuilding CXX object CMakeFiles/debug_vect_advertiser.dir/src/examples/advertisers/debug_vect_advertiser.cpp.o[0m
[18.394s] In file included from [01m[K/usr/include/eigen3/Eigen/Core:214[m[K,
[18.399s]                  from [01m[K/usr/include/eigen3/Eigen/Dense:1[m[K,
[18.403s]                  from [01m[K/usr/include/eigen3/Eigen/Eigen:1[m[K,
[18.420s]                  from [01m[K/home/ubuntu/drone_ros2_ws/src/px4_ros_com/include/px4_ros_com/frame_transforms.h:45[m[K,
[18.447s]                  from [01m[K/home/ubuntu/drone_ros2_ws/src/px4_ros_com/src/lib/frame_transforms.cpp:41[m[K:
[18.456s] [01m[K/usr/include/eigen3/Eigen/src/Core/arch/NEON/PacketMath.h:[m[K In function ‘[01m[KPacket Eigen::internal::pload(const typename Eigen::internal::unpacket_traits<T>::type*) [with Packet = Eigen::internal::eigen_packet_wrapper<int, 2>; typename Eigen::internal::unpacket_traits<T>::type = signed char][m[K’:
[18.457s] [01m[K/usr/include/eigen3/Eigen/src/Core/arch/NEON/PacketMath.h:1671:9:[m[K [01;35m[Kwarning: [m[K‘[01m[Kvoid* memcpy(void*, const void*, size_t)[m[K’ copying an object of non-trivial type ‘[01m[KEigen::internal::Packet4c[m[K’ {aka ‘[01m[Kstruct Eigen::internal::eigen_packet_wrapper<int, 2>[m[K’} from an array of ‘[01m[Kconst int8_t[m[K’ {aka ‘[01m[Kconst signed char[m[K’} [[01;35m[K]8;;https://gcc.gnu.org/onlinedocs/gcc/Warning-Options.html#index-Wclass-memaccess-Wclass-memaccess]8;;[m[K]
[18.459s]  1671 |   [01;35m[Kmemcpy(&res, from, sizeof(Packet4c))[m[K;
[18.460s]       |   [01;35m[K~~~~~~^~~~~~~~~~~~~~~~~~~~~~~~~~~~~~[m[K
[18.461s] In file included from [01m[K/usr/include/eigen3/Eigen/Core:172[m[K,
[18.462s]                  from [01m[K/usr/include/eigen3/Eigen/Dense:1[m[K,
[18.463s]                  from [01m[K/usr/include/eigen3/Eigen/Eigen:1[m[K,
[18.464s]                  from [01m[K/home/ubuntu/drone_ros2_ws/src/px4_ros_com/include/px4_ros_com/frame_transforms.h:45[m[K,
[18.480s]                  from [01m[K/home/ubuntu/drone_ros2_ws/src/px4_ros_com/src/lib/frame_transforms.cpp:41[m[K:
[18.481s] [01m[K/usr/include/eigen3/Eigen/src/Core/GenericPacketMath.h:159:8:[m[K [01;36m[Knote: [m[K‘[01m[KEigen::internal::Packet4c[m[K’ {aka ‘[01m[Kstruct Eigen::internal::eigen_packet_wrapper<int, 2>[m[K’} declared here
[18.482s]   159 | struct [01;36m[Keigen_packet_wrapper[m[K
[18.483s]       |        [01;36m[K^~~~~~~~~~~~~~~~~~~~[m[K
[18.484s] In file included from [01m[K/usr/include/eigen3/Eigen/Core:214[m[K,
[18.485s]                  from [01m[K/usr/include/eigen3/Eigen/Dense:1[m[K,
[18.486s]                  from [01m[K/usr/include/eigen3/Eigen/Eigen:1[m[K,
[18.487s]                  from [01m[K/home/ubuntu/drone_ros2_ws/src/px4_ros_com/include/px4_ros_com/frame_transforms.h:45[m[K,
[18.488s]                  from [01m[K/home/ubuntu/drone_ros2_ws/src/px4_ros_com/src/lib/frame_transforms.cpp:41[m[K:
[18.489s] [01m[K/usr/include/eigen3/Eigen/src/Core/arch/NEON/PacketMath.h:[m[K In function ‘[01m[KPacket Eigen::internal::ploadu(const typename Eigen::internal::unpacket_traits<T>::type*) [with Packet = Eigen::internal::eigen_packet_wrapper<int, 2>; typename Eigen::internal::unpacket_traits<T>::type = signed char][m[K’:
[18.490s] [01m[K/usr/include/eigen3/Eigen/src/Core/arch/NEON/PacketMath.h:1716:9:[m[K [01;35m[Kwarning: [m[K‘[01m[Kvoid* memcpy(void*, const void*, size_t)[m[K’ copying an object of non-trivial type ‘[01m[KEigen::internal::Packet4c[m[K’ {aka ‘[01m[Kstruct Eigen::internal::eigen_packet_wrapper<int, 2>[m[K’} from an array of ‘[01m[Kconst int8_t[m[K’ {aka ‘[01m[Kconst signed char[m[K’} [[01;35m[K]8;;https://gcc.gnu.org/onlinedocs/gcc/Warning-Options.html#index-Wclass-memaccess-Wclass-memaccess]8;;[m[K]
[18.503s]  1716 |   [01;35m[Kmemcpy(&res, from, sizeof(Packet4c))[m[K;
[18.504s]       |   [01;35m[K~~~~~~^~~~~~~~~~~~~~~~~~~~~~~~~~~~~~[m[K
[18.507s] In file included from [01m[K/usr/include/eigen3/Eigen/Core:172[m[K,
[18.508s]                  from [01m[K/usr/include/eigen3/Eigen/Dense:1[m[K,
[18.509s]                  from [01m[K/usr/include/eigen3/Eigen/Eigen:1[m[K,
[18.510s]                  from [01m[K/home/ubuntu/drone_ros2_ws/src/px4_ros_com/include/px4_ros_com/frame_transforms.h:45[m[K,
[18.511s]                  from [01m[K/home/ubuntu/drone_ros2_ws/src/px4_ros_com/src/lib/frame_transforms.cpp:41[m[K:
[18.512s] [01m[K/usr/include/eigen3/Eigen/src/Core/GenericPacketMath.h:159:8:[m[K [01;36m[Knote: [m[K‘[01m[KEigen::internal::Packet4c[m[K’ {aka ‘[01m[Kstruct Eigen::internal::eigen_packet_wrapper<int, 2>[m[K’} declared here
[18.513s]   159 | struct [01;36m[Keigen_packet_wrapper[m[K
[18.514s]       |        [01;36m[K^~~~~~~~~~~~~~~~~~~~[m[K
